<?xml version="1.0" encoding="UTF-8"?>
<testsuite xmlns:xsi="http://www.w3.org/2001/XMLSchema-instance" xsi:noNamespaceSchemaLocation="https://maven.apache.org/surefire/maven-surefire-plugin/xsd/surefire-test-report-3.0.xsd" version="3.0" name="com.example.seckillzc.SeckillZcApplicationTests" time="0.051" tests="1" errors="0" skipped="0" failures="0">
  <properties>
[...]
</properties>
  <testcase name="contextLoads" classname="com.example.seckillzc.SeckillZcApplicationTests" time="0.004">
    <system-out><![CDATA[2026-07-22T23:19:34.586+08:00  INFO 76447 --- [seckill-zc] [           main] t.c.s.AnnotationConfigContextLoaderUtils : Could not detect default configuration classes for test class [com.example.seckillzc.SeckillZcApplicationTests]: SeckillZcApplicationTests does not declare any static, non-private, non-final, nested classes annotated with @Configuration.
2026-07-22T23:19:34.622+08:00  INFO 76447 --- [seckill-zc] [           main] .b.t.c.SpringBootTestContextBootstrapper : Found @SpringBootConfiguration com.example.seckillzc.SeckillZcApplication for test class com.example.seckillzc.SeckillZcApplicationTests
]]></system-out>
  </testcase>
</testsuite>