<?xml version="1.0" encoding="UTF-8"?>
<testsuite xmlns:xsi="http://www.w3.org/2001/XMLSchema-instance" xsi:noNamespaceSchemaLocation="https://maven.apache.org/surefire/maven-surefire-plugin/xsd/surefire-test-report-3.0.xsd" version="3.0" name="com.example.seckillzc.service.SuccessKilledServiceTest" time="0.463" tests="12" errors="0" skipped="0" failures="0">
  <properties>
[...]
</properties>
  <testcase name="updateByKey" classname="com.example.seckillzc.service.SuccessKilledServiceTest" time="0.063">
    <system-out><![CDATA[2026-07-22T23:19:34.640+08:00  INFO 76447 --- [seckill-zc] [           main] t.c.s.AnnotationConfigContextLoaderUtils : Could not detect default configuration classes for test class [com.example.seckillzc.service.SuccessKilledServiceTest]: SuccessKilledServiceTest does not declare any static, non-private, non-final, nested classes annotated with @Configuration.
2026-07-22T23:19:34.656+08:00  INFO 76447 --- [seckill-zc] [           main] .b.t.c.SpringBootTestContextBootstrapper : Found @SpringBootConfiguration com.example.seckillzc.SeckillZcApplication for test class com.example.seckillzc.service.SuccessKilledServiceTest
Creating a new SqlSession
Registering transaction synchronization for SqlSession [org.apache.ibatis.session.defaults.DefaultSqlSession@56554365]
JDBC Connection [ConnectionProxyImpl{connectedTime=2026-07-22 23:19:31.128, closeCount=0, lastValidateTimeMillis=2026-07-22 23:19:31.129}] will be managed by Spring
==>  Preparing: INSERT INTO success_killed ( seckill_id, user_phone, state ) VALUES ( ?, ?, ? )
==> Parameters: 1001(Long), 13800000002(Long), -1(Integer)
<==    Updates: 1
Releasing transactional SqlSession [org.apache.ibatis.session.defaults.DefaultSqlSession@56554365]
Fetched SqlSession [org.apache.ibatis.session.defaults.DefaultSqlSession@56554365] from current transaction
==>  Preparing: UPDATE success_killed SET state=? WHERE (seckill_id = ? AND user_phone = ?)
==> Parameters: 1(Integer), 1001(Long), 13800000002(Long)
<==    Updates: 1
Releasing transactional SqlSession [org.apache.ibatis.session.defaults.DefaultSqlSession@56554365]
Fetched SqlSession [org.apache.ibatis.session.defaults.DefaultSqlSession@56554365] from current transaction
==>  Preparing: SELECT seckill_id,user_phone,state,created_at FROM success_killed WHERE (seckill_id = ? AND user_phone = ?)
==> Parameters: 1001(Long), 13800000002(Long)
<==    Columns: seckill_id, user_phone, state, created_at
<==        Row: 1001, 13800000002, 1, 2026-07-22 23:19:34.674829
<==      Total: 1
Releasing transactional SqlSession [org.apache.ibatis.session.defaults.DefaultSqlSession@56554365]
Transaction synchronization deregistering SqlSession [org.apache.ibatis.session.defaults.DefaultSqlSession@56554365]
Transaction synchronization closing SqlSession [org.apache.ibatis.session.defaults.DefaultSqlSession@56554365]
]]></system-out>
  </testcase>
  <testcase name="sameSeckillDifferentPhoneAllowed" classname="com.example.seckillzc.service.SuccessKilledServiceTest" time="0.02">
    <system-out><![CDATA[Creating a new SqlSession
Registering transaction synchronization for SqlSession [org.apache.ibatis.session.defaults.DefaultSqlSession@4a1934e2]
JDBC Connection [ConnectionProxyImpl{connectedTime=2026-07-22 23:19:31.128, closeCount=0, lastValidateTimeMillis=2026-07-22 23:19:31.129}] will be managed by Spring
==>  Preparing: INSERT INTO success_killed ( seckill_id, user_phone, state ) VALUES ( ?, ?, ? )
==> Parameters: 1005(Long), 13800000006(Long), -1(Integer)
<==    Updates: 1
Releasing transactional SqlSession [org.apache.ibatis.session.defaults.DefaultSqlSession@4a1934e2]
Fetched SqlSession [org.apache.ibatis.session.defaults.DefaultSqlSession@4a1934e2] from current transaction
==>  Preparing: INSERT INTO success_killed ( seckill_id, user_phone, state ) VALUES ( ?, ?, ? )
==> Parameters: 1005(Long), 13800000007(Long), -1(Integer)
<==    Updates: 1
Releasing transactional SqlSession [org.apache.ibatis.session.defaults.DefaultSqlSession@4a1934e2]
Fetched SqlSession [org.apache.ibatis.session.defaults.DefaultSqlSession@4a1934e2] from current transaction
==>  Preparing: SELECT COUNT( * ) AS total FROM success_killed
==> Parameters: 
<==    Columns: total
<==        Row: 2
<==      Total: 1
Releasing transactional SqlSession [org.apache.ibatis.session.defaults.DefaultSqlSession@4a1934e2]
Fetched SqlSession [org.apache.ibatis.session.defaults.DefaultSqlSession@4a1934e2] from current transaction
==>  Preparing: SELECT seckill_id,user_phone,state,created_at FROM success_killed WHERE (seckill_id = ? AND user_phone = ?)
==> Parameters: 1005(Long), 13800000006(Long)
<==    Columns: seckill_id, user_phone, state, created_at
<==        Row: 1005, 13800000006, -1, 2026-07-22 23:19:34.732538
<==      Total: 1
Releasing transactional SqlSession [org.apache.ibatis.session.defaults.DefaultSqlSession@4a1934e2]
Fetched SqlSession [org.apache.ibatis.session.defaults.DefaultSqlSession@4a1934e2] from current transaction
==>  Preparing: SELECT seckill_id,user_phone,state,created_at FROM success_killed WHERE (seckill_id = ? AND user_phone = ?)
==> Parameters: 1005(Long), 13800000007(Long)
<==    Columns: seckill_id, user_phone, state, created_at
<==        Row: 1005, 13800000007, -1, 2026-07-22 23:19:34.734007
<==      Total: 1
Releasing transactional SqlSession [org.apache.ibatis.session.defaults.DefaultSqlSession@4a1934e2]
Transaction synchronization deregistering SqlSession [org.apache.ibatis.session.defaults.DefaultSqlSession@4a1934e2]
Transaction synchronization closing SqlSession [org.apache.ibatis.session.defaults.DefaultSqlSession@4a1934e2]
]]></system-out>
  </testcase>
  <testcase name="removeByKey" classname="com.example.seckillzc.service.SuccessKilledServiceTest" time="0.015">
    <system-out><![CDATA[Creating a new SqlSession
Registering transaction synchronization for SqlSession [org.apache.ibatis.session.defaults.DefaultSqlSession@14624acc]
JDBC Connection [ConnectionProxyImpl{connectedTime=2026-07-22 23:19:31.128, closeCount=0, lastValidateTimeMillis=2026-07-22 23:19:31.129}] will be managed by Spring
==>  Preparing: INSERT INTO success_killed ( seckill_id, user_phone, state ) VALUES ( ?, ?, ? )
==> Parameters: 1003(Long), 13800000004(Long), 0(Integer)
<==    Updates: 1
Releasing transactional SqlSession [org.apache.ibatis.session.defaults.DefaultSqlSession@14624acc]
Fetched SqlSession [org.apache.ibatis.session.defaults.DefaultSqlSession@14624acc] from current transaction
==>  Preparing: SELECT COUNT( * ) AS total FROM success_killed
==> Parameters: 
<==    Columns: total
<==        Row: 1
<==      Total: 1
Releasing transactional SqlSession [org.apache.ibatis.session.defaults.DefaultSqlSession@14624acc]
Fetched SqlSession [org.apache.ibatis.session.defaults.DefaultSqlSession@14624acc] from current transaction
==>  Preparing: DELETE FROM success_killed WHERE (seckill_id = ? AND user_phone = ?)
==> Parameters: 1003(Long), 13800000004(Long)
<==    Updates: 1
Releasing transactional SqlSession [org.apache.ibatis.session.defaults.DefaultSqlSession@14624acc]
Fetched SqlSession [org.apache.ibatis.session.defaults.DefaultSqlSession@14624acc] from current transaction
==>  Preparing: SELECT seckill_id,user_phone,state,created_at FROM success_killed WHERE (seckill_id = ? AND user_phone = ?)
==> Parameters: 1003(Long), 13800000004(Long)
<==      Total: 0
Releasing transactional SqlSession [org.apache.ibatis.session.defaults.DefaultSqlSession@14624acc]
Fetched SqlSession [org.apache.ibatis.session.defaults.DefaultSqlSession@14624acc] from current transaction
==>  Preparing: SELECT COUNT( * ) AS total FROM success_killed
==> Parameters: 
<==    Columns: total
<==        Row: 0
<==      Total: 1
Releasing transactional SqlSession [org.apache.ibatis.session.defaults.DefaultSqlSession@14624acc]
Transaction synchronization deregistering SqlSession [org.apache.ibatis.session.defaults.DefaultSqlSession@14624acc]
Transaction synchronization closing SqlSession [org.apache.ibatis.session.defaults.DefaultSqlSession@14624acc]
]]></system-out>
  </testcase>
  <testcase name="updateByKeyOnlyChangesProvidedFields" classname="com.example.seckillzc.service.SuccessKilledServiceTest" time="0.015">
    <system-out><![CDATA[Creating a new SqlSession
Registering transaction synchronization for SqlSession [org.apache.ibatis.session.defaults.DefaultSqlSession@2c8f65da]
JDBC Connection [ConnectionProxyImpl{connectedTime=2026-07-22 23:19:31.128, closeCount=0, lastValidateTimeMillis=2026-07-22 23:19:31.129}] will be managed by Spring
==>  Preparing: INSERT INTO success_killed ( seckill_id, user_phone, state ) VALUES ( ?, ?, ? )
==> Parameters: 1002(Long), 13800000003(Long), 0(Integer)
<==    Updates: 1
Releasing transactional SqlSession [org.apache.ibatis.session.defaults.DefaultSqlSession@2c8f65da]
Fetched SqlSession [org.apache.ibatis.session.defaults.DefaultSqlSession@2c8f65da] from current transaction
==>  Preparing: UPDATE success_killed SET state=? WHERE (seckill_id = ? AND user_phone = ?)
==> Parameters: 2(Integer), 1002(Long), 13800000003(Long)
<==    Updates: 1
Releasing transactional SqlSession [org.apache.ibatis.session.defaults.DefaultSqlSession@2c8f65da]
Fetched SqlSession [org.apache.ibatis.session.defaults.DefaultSqlSession@2c8f65da] from current transaction
==>  Preparing: SELECT seckill_id,user_phone,state,created_at FROM success_killed WHERE (seckill_id = ? AND user_phone = ?)
==> Parameters: 1002(Long), 13800000003(Long)
<==    Columns: seckill_id, user_phone, state, created_at
<==        Row: 1002, 13800000003, 2, 2026-07-22 23:19:34.772267
<==      Total: 1
Releasing transactional SqlSession [org.apache.ibatis.session.defaults.DefaultSqlSession@2c8f65da]
Transaction synchronization deregistering SqlSession [org.apache.ibatis.session.defaults.DefaultSqlSession@2c8f65da]
Transaction synchronization closing SqlSession [org.apache.ibatis.session.defaults.DefaultSqlSession@2c8f65da]
]]></system-out>
  </testcase>
  <testcase name="page" classname="com.example.seckillzc.service.SuccessKilledServiceTest" time="0.015">
    <system-out><![CDATA[Creating a new SqlSession
Registering transaction synchronization for SqlSession [org.apache.ibatis.session.defaults.DefaultSqlSession@7430ed93]
JDBC Connection [ConnectionProxyImpl{connectedTime=2026-07-22 23:19:31.128, closeCount=0, lastValidateTimeMillis=2026-07-22 23:19:31.129}] will be managed by Spring
==>  Preparing: INSERT INTO success_killed ( seckill_id, user_phone, state ) VALUES ( ?, ?, ? )
==> Parameters: 1006(Long), 13800000008(Long), -1(Integer)
<==    Updates: 1
Releasing transactional SqlSession [org.apache.ibatis.session.defaults.DefaultSqlSession@7430ed93]
Fetched SqlSession [org.apache.ibatis.session.defaults.DefaultSqlSession@7430ed93] from current transaction
==>  Preparing: INSERT INTO success_killed ( seckill_id, user_phone, state ) VALUES ( ?, ?, ? )
==> Parameters: 1006(Long), 13800000009(Long), 0(Integer)
<==    Updates: 1
Releasing transactional SqlSession [org.apache.ibatis.session.defaults.DefaultSqlSession@7430ed93]
Fetched SqlSession [org.apache.ibatis.session.defaults.DefaultSqlSession@7430ed93] from current transaction
==>  Preparing: INSERT INTO success_killed ( seckill_id, user_phone, state ) VALUES ( ?, ?, ? )
==> Parameters: 1007(Long), 13800000010(Long), 1(Integer)
<==    Updates: 1
Releasing transactional SqlSession [org.apache.ibatis.session.defaults.DefaultSqlSession@7430ed93]
Fetched SqlSession [org.apache.ibatis.session.defaults.DefaultSqlSession@7430ed93] from current transaction
==>  Preparing: SELECT COUNT(*) AS total FROM success_killed
==> Parameters: 
<==    Columns: total
<==        Row: 3
<==      Total: 1
==>  Preparing: SELECT seckill_id,user_phone,state,created_at FROM success_killed LIMIT ?
==> Parameters: 2(Long)
<==    Columns: seckill_id, user_phone, state, created_at
<==        Row: 1006, 13800000008, -1, 2026-07-22 23:19:34.786757
<==        Row: 1006, 13800000009, 0, 2026-07-22 23:19:34.788465
<==      Total: 2
Releasing transactional SqlSession [org.apache.ibatis.session.defaults.DefaultSqlSession@7430ed93]
Transaction synchronization deregistering SqlSession [org.apache.ibatis.session.defaults.DefaultSqlSession@7430ed93]
Transaction synchronization closing SqlSession [org.apache.ibatis.session.defaults.DefaultSqlSession@7430ed93]
]]></system-out>
  </testcase>
  <testcase name="saveAndGetByKey" classname="com.example.seckillzc.service.SuccessKilledServiceTest" time="0.007">
    <system-out><![CDATA[Creating a new SqlSession
Registering transaction synchronization for SqlSession [org.apache.ibatis.session.defaults.DefaultSqlSession@7acfcfc4]
JDBC Connection [ConnectionProxyImpl{connectedTime=2026-07-22 23:19:31.128, closeCount=0, lastValidateTimeMillis=2026-07-22 23:19:31.129}] will be managed by Spring
==>  Preparing: INSERT INTO success_killed ( seckill_id, user_phone, state ) VALUES ( ?, ?, ? )
==> Parameters: 1000(Long), 13800000001(Long), -1(Integer)
<==    Updates: 1
Releasing transactional SqlSession [org.apache.ibatis.session.defaults.DefaultSqlSession@7acfcfc4]
Fetched SqlSession [org.apache.ibatis.session.defaults.DefaultSqlSession@7acfcfc4] from current transaction
==>  Preparing: SELECT seckill_id,user_phone,state,created_at FROM success_killed WHERE (seckill_id = ? AND user_phone = ?)
==> Parameters: 1000(Long), 13800000001(Long)
<==    Columns: seckill_id, user_phone, state, created_at
<==        Row: 1000, 13800000001, -1, 2026-07-22 23:19:34.801527
<==      Total: 1
Releasing transactional SqlSession [org.apache.ibatis.session.defaults.DefaultSqlSession@7acfcfc4]
Transaction synchronization deregistering SqlSession [org.apache.ibatis.session.defaults.DefaultSqlSession@7acfcfc4]
Transaction synchronization closing SqlSession [org.apache.ibatis.session.defaults.DefaultSqlSession@7acfcfc4]
]]></system-out>
  </testcase>
  <testcase name="compositePrimaryKeyRejectsDuplicate" classname="com.example.seckillzc.service.SuccessKilledServiceTest" time="0.212">
    <system-out><![CDATA[Creating a new SqlSession
Registering transaction synchronization for SqlSession [org.apache.ibatis.session.defaults.DefaultSqlSession@709d2a6c]
JDBC Connection [ConnectionProxyImpl{connectedTime=2026-07-22 23:19:31.128, closeCount=0, lastValidateTimeMillis=2026-07-22 23:19:31.129}] will be managed by Spring
==>  Preparing: INSERT INTO success_killed ( seckill_id, user_phone, state ) VALUES ( ?, ?, ? )
==> Parameters: 1004(Long), 13800000005(Long), -1(Integer)
<==    Updates: 1
Releasing transactional SqlSession [org.apache.ibatis.session.defaults.DefaultSqlSession@709d2a6c]
Fetched SqlSession [org.apache.ibatis.session.defaults.DefaultSqlSession@709d2a6c] from current transaction
==>  Preparing: INSERT INTO success_killed ( seckill_id, user_phone, state ) VALUES ( ?, ?, ? )
==> Parameters: 1004(Long), 13800000005(Long), 0(Integer)
Releasing transactional SqlSession [org.apache.ibatis.session.defaults.DefaultSqlSession@709d2a6c]
Transaction synchronization deregistering SqlSession [org.apache.ibatis.session.defaults.DefaultSqlSession@709d2a6c]
Transaction synchronization closing SqlSession [org.apache.ibatis.session.defaults.DefaultSqlSession@709d2a6c]
]]></system-out>
  </testcase>
  <testcase name="executeSeckillDuplicateReturnsFalse" classname="com.example.seckillzc.service.SuccessKilledServiceTest" time="0.025">
    <system-out><![CDATA[Creating a new SqlSession
Registering transaction synchronization for SqlSession [org.apache.ibatis.session.defaults.DefaultSqlSession@221cdd87]
JDBC Connection [ConnectionProxyImpl{connectedTime=2026-07-22 23:19:31.128, closeCount=0, lastValidateTimeMillis=2026-07-22 23:19:31.129}] will be managed by Spring
==>  Preparing: INSERT INTO seckill ( seckill_id, name, stock, start_time, end_time, created_at ) VALUES ( ?, ?, ?, ?, ?, ? )
==> Parameters: 2002(Long), 测试活动2002(String), 10(Integer), 2026-07-21T23:19:35.025898(LocalDateTime), 2026-07-23T23:19:35.025953(LocalDateTime), 2026-07-22T23:19:35.025957(LocalDateTime)
<==    Updates: 1
Releasing transactional SqlSession [org.apache.ibatis.session.defaults.DefaultSqlSession@221cdd87]
Fetched SqlSession [org.apache.ibatis.session.defaults.DefaultSqlSession@221cdd87] from current transaction
==>  Preparing: INSERT IGNORE INTO success_killed (seckill_id, user_phone) VALUES (?, ?)
==> Parameters: 2002(Long), 13800002002(Long)
<==    Updates: 1
Releasing transactional SqlSession [org.apache.ibatis.session.defaults.DefaultSqlSession@221cdd87]
Fetched SqlSession [org.apache.ibatis.session.defaults.DefaultSqlSession@221cdd87] from current transaction
==>  Preparing: UPDATE seckill SET stock = stock - 1 WHERE seckill_id = ? AND stock > 0 AND start_time <= ? AND end_time >= ?
==> Parameters: 2002(Long), 2026-07-22T23:19:35.039021(LocalDateTime), 2026-07-22T23:19:35.039021(LocalDateTime)
<==    Updates: 1
Releasing transactional SqlSession [org.apache.ibatis.session.defaults.DefaultSqlSession@221cdd87]
Fetched SqlSession [org.apache.ibatis.session.defaults.DefaultSqlSession@221cdd87] from current transaction
==>  Preparing: INSERT IGNORE INTO success_killed (seckill_id, user_phone) VALUES (?, ?)
==> Parameters: 2002(Long), 13800002002(Long)
<==    Updates: 0
Releasing transactional SqlSession [org.apache.ibatis.session.defaults.DefaultSqlSession@221cdd87]
Fetched SqlSession [org.apache.ibatis.session.defaults.DefaultSqlSession@221cdd87] from current transaction
==>  Preparing: SELECT seckill_id,name,stock,start_time,end_time,created_at FROM seckill WHERE seckill_id=?
==> Parameters: 2002(Long)
<==    Columns: seckill_id, name, stock, start_time, end_time, created_at
<==        Row: 2002, 测试活动2002, 9, 2026-07-21 23:19:35.025898, 2026-07-23 23:19:35.025953, 2026-07-22 23:19:35.025957
<==      Total: 1
Releasing transactional SqlSession [org.apache.ibatis.session.defaults.DefaultSqlSession@221cdd87]
Transaction synchronization deregistering SqlSession [org.apache.ibatis.session.defaults.DefaultSqlSession@221cdd87]
Transaction synchronization closing SqlSession [org.apache.ibatis.session.defaults.DefaultSqlSession@221cdd87]
]]></system-out>
  </testcase>
  <testcase name="getByKeyNotFound" classname="com.example.seckillzc.service.SuccessKilledServiceTest" time="0.009">
    <system-out><![CDATA[Creating a new SqlSession
Registering transaction synchronization for SqlSession [org.apache.ibatis.session.defaults.DefaultSqlSession@642614b7]
JDBC Connection [ConnectionProxyImpl{connectedTime=2026-07-22 23:19:31.128, closeCount=0, lastValidateTimeMillis=2026-07-22 23:19:31.129}] will be managed by Spring
==>  Preparing: SELECT seckill_id,user_phone,state,created_at FROM success_killed WHERE (seckill_id = ? AND user_phone = ?)
==> Parameters: 9999(Long), 13900000000(Long)
<==      Total: 0
Releasing transactional SqlSession [org.apache.ibatis.session.defaults.DefaultSqlSession@642614b7]
Transaction synchronization deregistering SqlSession [org.apache.ibatis.session.defaults.DefaultSqlSession@642614b7]
Transaction synchronization closing SqlSession [org.apache.ibatis.session.defaults.DefaultSqlSession@642614b7]
]]></system-out>
  </testcase>
  <testcase name="executeSeckillSuccess" classname="com.example.seckillzc.service.SuccessKilledServiceTest" time="0.024">
    <system-out><![CDATA[Creating a new SqlSession
Registering transaction synchronization for SqlSession [org.apache.ibatis.session.defaults.DefaultSqlSession@37344d31]
JDBC Connection [ConnectionProxyImpl{connectedTime=2026-07-22 23:19:31.128, closeCount=0, lastValidateTimeMillis=2026-07-22 23:19:31.129}] will be managed by Spring
==>  Preparing: INSERT INTO seckill ( seckill_id, name, stock, start_time, end_time, created_at ) VALUES ( ?, ?, ?, ?, ?, ? )
==> Parameters: 2001(Long), 测试活动2001(String), 10(Integer), 2026-07-21T23:19:35.060325(LocalDateTime), 2026-07-23T23:19:35.060339(LocalDateTime), 2026-07-22T23:19:35.060342(LocalDateTime)
<==    Updates: 1
Releasing transactional SqlSession [org.apache.ibatis.session.defaults.DefaultSqlSession@37344d31]
Fetched SqlSession [org.apache.ibatis.session.defaults.DefaultSqlSession@37344d31] from current transaction
==>  Preparing: INSERT IGNORE INTO success_killed (seckill_id, user_phone) VALUES (?, ?)
==> Parameters: 2001(Long), 13800002001(Long)
<==    Updates: 1
Releasing transactional SqlSession [org.apache.ibatis.session.defaults.DefaultSqlSession@37344d31]
Fetched SqlSession [org.apache.ibatis.session.defaults.DefaultSqlSession@37344d31] from current transaction
==>  Preparing: UPDATE seckill SET stock = stock - 1 WHERE seckill_id = ? AND stock > 0 AND start_time <= ? AND end_time >= ?
==> Parameters: 2001(Long), 2026-07-22T23:19:35.068152(LocalDateTime), 2026-07-22T23:19:35.068152(LocalDateTime)
<==    Updates: 1
Releasing transactional SqlSession [org.apache.ibatis.session.defaults.DefaultSqlSession@37344d31]
Fetched SqlSession [org.apache.ibatis.session.defaults.DefaultSqlSession@37344d31] from current transaction
==>  Preparing: SELECT seckill_id,name,stock,start_time,end_time,created_at FROM seckill WHERE seckill_id=?
==> Parameters: 2001(Long)
<==    Columns: seckill_id, name, stock, start_time, end_time, created_at
<==        Row: 2001, 测试活动2001, 9, 2026-07-21 23:19:35.060325, 2026-07-23 23:19:35.060339, 2026-07-22 23:19:35.060342
<==      Total: 1
Releasing transactional SqlSession [org.apache.ibatis.session.defaults.DefaultSqlSession@37344d31]
Fetched SqlSession [org.apache.ibatis.session.defaults.DefaultSqlSession@37344d31] from current transaction
==>  Preparing: SELECT seckill_id,user_phone,state,created_at FROM success_killed WHERE (seckill_id = ? AND user_phone = ?)
==> Parameters: 2001(Long), 13800002001(Long)
<==    Columns: seckill_id, user_phone, state, created_at
<==        Row: 2001, 13800002001, -1, 2026-07-22 23:19:35.067542
<==      Total: 1
Releasing transactional SqlSession [org.apache.ibatis.session.defaults.DefaultSqlSession@37344d31]
Transaction synchronization deregistering SqlSession [org.apache.ibatis.session.defaults.DefaultSqlSession@37344d31]
Transaction synchronization closing SqlSession [org.apache.ibatis.session.defaults.DefaultSqlSession@37344d31]
]]></system-out>
  </testcase>
  <testcase name="executeSeckillSoldOutThrows" classname="com.example.seckillzc.service.SuccessKilledServiceTest" time="0.01">
    <system-out><![CDATA[Creating a new SqlSession
Registering transaction synchronization for SqlSession [org.apache.ibatis.session.defaults.DefaultSqlSession@107ebdad]
JDBC Connection [ConnectionProxyImpl{connectedTime=2026-07-22 23:19:31.128, closeCount=0, lastValidateTimeMillis=2026-07-22 23:19:31.129}] will be managed by Spring
==>  Preparing: INSERT INTO seckill ( seckill_id, name, stock, start_time, end_time, created_at ) VALUES ( ?, ?, ?, ?, ?, ? )
==> Parameters: 2003(Long), 测试活动2003(String), 0(Integer), 2026-07-21T23:19:35.085314(LocalDateTime), 2026-07-23T23:19:35.085338(LocalDateTime), 2026-07-22T23:19:35.085341(LocalDateTime)
<==    Updates: 1
Releasing transactional SqlSession [org.apache.ibatis.session.defaults.DefaultSqlSession@107ebdad]
Fetched SqlSession [org.apache.ibatis.session.defaults.DefaultSqlSession@107ebdad] from current transaction
==>  Preparing: INSERT IGNORE INTO success_killed (seckill_id, user_phone) VALUES (?, ?)
==> Parameters: 2003(Long), 13800002003(Long)
<==    Updates: 1
Releasing transactional SqlSession [org.apache.ibatis.session.defaults.DefaultSqlSession@107ebdad]
Fetched SqlSession [org.apache.ibatis.session.defaults.DefaultSqlSession@107ebdad] from current transaction
==>  Preparing: UPDATE seckill SET stock = stock - 1 WHERE seckill_id = ? AND stock > 0 AND start_time <= ? AND end_time >= ?
==> Parameters: 2003(Long), 2026-07-22T23:19:35.090369(LocalDateTime), 2026-07-22T23:19:35.090369(LocalDateTime)
<==    Updates: 0
Releasing transactional SqlSession [org.apache.ibatis.session.defaults.DefaultSqlSession@107ebdad]
Transaction synchronization deregistering SqlSession [org.apache.ibatis.session.defaults.DefaultSqlSession@107ebdad]
Transaction synchronization closing SqlSession [org.apache.ibatis.session.defaults.DefaultSqlSession@107ebdad]
]]></system-out>
  </testcase>
  <testcase name="removeByKeyNotFound" classname="com.example.seckillzc.service.SuccessKilledServiceTest" time="0.007">
    <system-out><![CDATA[Creating a new SqlSession
Registering transaction synchronization for SqlSession [org.apache.ibatis.session.defaults.DefaultSqlSession@138a952f]
JDBC Connection [ConnectionProxyImpl{connectedTime=2026-07-22 23:19:31.128, closeCount=0, lastValidateTimeMillis=2026-07-22 23:19:31.129}] will be managed by Spring
==>  Preparing: DELETE FROM success_killed WHERE (seckill_id = ? AND user_phone = ?)
==> Parameters: 8888(Long), 13700000000(Long)
<==    Updates: 0
Releasing transactional SqlSession [org.apache.ibatis.session.defaults.DefaultSqlSession@138a952f]
Fetched SqlSession [org.apache.ibatis.session.defaults.DefaultSqlSession@138a952f] from current transaction
==>  Preparing: SELECT COUNT( * ) AS total FROM success_killed
==> Parameters: 
<==    Columns: total
<==        Row: 0
<==      Total: 1
Releasing transactional SqlSession [org.apache.ibatis.session.defaults.DefaultSqlSession@138a952f]
Transaction synchronization deregistering SqlSession [org.apache.ibatis.session.defaults.DefaultSqlSession@138a952f]
Transaction synchronization closing SqlSession [org.apache.ibatis.session.defaults.DefaultSqlSession@138a952f]
]]></system-out>
  </testcase>
</testsuite>