<?xml version="1.0" encoding="UTF-8"?>
<testsuite xmlns:xsi="http://www.w3.org/2001/XMLSchema-instance" xsi:noNamespaceSchemaLocation="https://maven.apache.org/surefire/maven-surefire-plugin/xsd/surefire-test-report-3.0.xsd" version="3.0" name="com.example.seckillzc.service.SuccessKilledServiceTest" time="0.46" tests="12" errors="0" skipped="0" failures="0">
  <properties>
[...]
</properties>
  <testcase name="updateByKey" classname="com.example.seckillzc.service.SuccessKilledServiceTest" time="0.02">
    <system-out><![CDATA[2026-07-22T23:41:34.821+08:00  INFO 78407 --- [seckill-zc] [           main] t.c.s.AnnotationConfigContextLoaderUtils : Could not detect default configuration classes for test class [com.example.seckillzc.service.SuccessKilledServiceTest]: SuccessKilledServiceTest does not declare any static, non-private, non-final, nested classes annotated with @Configuration.
2026-07-22T23:41:34.836+08:00  INFO 78407 --- [seckill-zc] [           main] .b.t.c.SpringBootTestContextBootstrapper : Found @SpringBootConfiguration com.example.seckillzc.SeckillZcApplication for test class com.example.seckillzc.service.SuccessKilledServiceTest
Creating a new SqlSession
Registering transaction synchronization for SqlSession [org.apache.ibatis.session.defaults.DefaultSqlSession@1d167630]
JDBC Connection [ConnectionProxyImpl{connectedTime=2026-07-22 23:41:31.279, closeCount=0, lastValidateTimeMillis=2026-07-22 23:41:31.28}] will be managed by Spring
==>  Preparing: INSERT INTO success_killed ( seckill_id, user_phone, state ) VALUES ( ?, ?, ? )
==> Parameters: 1001(Long), 13800000002(Long), -1(Integer)
<==    Updates: 1
Releasing transactional SqlSession [org.apache.ibatis.session.defaults.DefaultSqlSession@1d167630]
Fetched SqlSession [org.apache.ibatis.session.defaults.DefaultSqlSession@1d167630] from current transaction
==>  Preparing: UPDATE success_killed SET state=? WHERE (seckill_id = ? AND user_phone = ?)
==> Parameters: 1(Integer), 1001(Long), 13800000002(Long)
<==    Updates: 1
Releasing transactional SqlSession [org.apache.ibatis.session.defaults.DefaultSqlSession@1d167630]
Fetched SqlSession [org.apache.ibatis.session.defaults.DefaultSqlSession@1d167630] from current transaction
==>  Preparing: SELECT seckill_id,user_phone,state,created_at FROM success_killed WHERE (seckill_id = ? AND user_phone = ?)
==> Parameters: 1001(Long), 13800000002(Long)
<==    Columns: seckill_id, user_phone, state, created_at
<==        Row: 1001, 13800000002, 1, 2026-07-22 23:41:34.850509
<==      Total: 1
Releasing transactional SqlSession [org.apache.ibatis.session.defaults.DefaultSqlSession@1d167630]
Transaction synchronization deregistering SqlSession [org.apache.ibatis.session.defaults.DefaultSqlSession@1d167630]
Transaction synchronization closing SqlSession [org.apache.ibatis.session.defaults.DefaultSqlSession@1d167630]
]]></system-out>
  </testcase>
  <testcase name="sameSeckillDifferentPhoneAllowed" classname="com.example.seckillzc.service.SuccessKilledServiceTest" time="0.014">
    <system-out><![CDATA[Creating a new SqlSession
Registering transaction synchronization for SqlSession [org.apache.ibatis.session.defaults.DefaultSqlSession@49741274]
JDBC Connection [ConnectionProxyImpl{connectedTime=2026-07-22 23:41:31.279, closeCount=0, lastValidateTimeMillis=2026-07-22 23:41:31.28}] will be managed by Spring
==>  Preparing: INSERT INTO success_killed ( seckill_id, user_phone, state ) VALUES ( ?, ?, ? )
==> Parameters: 1005(Long), 13800000006(Long), -1(Integer)
<==    Updates: 1
Releasing transactional SqlSession [org.apache.ibatis.session.defaults.DefaultSqlSession@49741274]
Fetched SqlSession [org.apache.ibatis.session.defaults.DefaultSqlSession@49741274] from current transaction
==>  Preparing: INSERT INTO success_killed ( seckill_id, user_phone, state ) VALUES ( ?, ?, ? )
==> Parameters: 1005(Long), 13800000007(Long), -1(Integer)
<==    Updates: 1
Releasing transactional SqlSession [org.apache.ibatis.session.defaults.DefaultSqlSession@49741274]
Fetched SqlSession [org.apache.ibatis.session.defaults.DefaultSqlSession@49741274] from current transaction
==>  Preparing: SELECT COUNT( * ) AS total FROM success_killed
==> Parameters: 
<==    Columns: total
<==        Row: 2
<==      Total: 1
Releasing transactional SqlSession [org.apache.ibatis.session.defaults.DefaultSqlSession@49741274]
Fetched SqlSession [org.apache.ibatis.session.defaults.DefaultSqlSession@49741274] from current transaction
==>  Preparing: SELECT seckill_id,user_phone,state,created_at FROM success_killed WHERE (seckill_id = ? AND user_phone = ?)
==> Parameters: 1005(Long), 13800000006(Long)
<==    Columns: seckill_id, user_phone, state, created_at
<==        Row: 1005, 13800000006, -1, 2026-07-22 23:41:34.867875
<==      Total: 1
Releasing transactional SqlSession [org.apache.ibatis.session.defaults.DefaultSqlSession@49741274]
Fetched SqlSession [org.apache.ibatis.session.defaults.DefaultSqlSession@49741274] from current transaction
==>  Preparing: SELECT seckill_id,user_phone,state,created_at FROM success_killed WHERE (seckill_id = ? AND user_phone = ?)
==> Parameters: 1005(Long), 13800000007(Long)
<==    Columns: seckill_id, user_phone, state, created_at
<==        Row: 1005, 13800000007, -1, 2026-07-22 23:41:34.869269
<==      Total: 1
Releasing transactional SqlSession [org.apache.ibatis.session.defaults.DefaultSqlSession@49741274]
Transaction synchronization deregistering SqlSession [org.apache.ibatis.session.defaults.DefaultSqlSession@49741274]
Transaction synchronization closing SqlSession [org.apache.ibatis.session.defaults.DefaultSqlSession@49741274]
]]></system-out>
  </testcase>
  <testcase name="removeByKey" classname="com.example.seckillzc.service.SuccessKilledServiceTest" time="0.014">
    <system-out><![CDATA[Creating a new SqlSession
Registering transaction synchronization for SqlSession [org.apache.ibatis.session.defaults.DefaultSqlSession@f453129]
JDBC Connection [ConnectionProxyImpl{connectedTime=2026-07-22 23:41:31.279, closeCount=0, lastValidateTimeMillis=2026-07-22 23:41:31.28}] will be managed by Spring
==>  Preparing: INSERT INTO success_killed ( seckill_id, user_phone, state ) VALUES ( ?, ?, ? )
==> Parameters: 1003(Long), 13800000004(Long), 0(Integer)
<==    Updates: 1
Releasing transactional SqlSession [org.apache.ibatis.session.defaults.DefaultSqlSession@f453129]
Fetched SqlSession [org.apache.ibatis.session.defaults.DefaultSqlSession@f453129] from current transaction
==>  Preparing: SELECT COUNT( * ) AS total FROM success_killed
==> Parameters: 
<==    Columns: total
<==        Row: 1
<==      Total: 1
Releasing transactional SqlSession [org.apache.ibatis.session.defaults.DefaultSqlSession@f453129]
Fetched SqlSession [org.apache.ibatis.session.defaults.DefaultSqlSession@f453129] from current transaction
==>  Preparing: DELETE FROM success_killed WHERE (seckill_id = ? AND user_phone = ?)
==> Parameters: 1003(Long), 13800000004(Long)
<==    Updates: 1
Releasing transactional SqlSession [org.apache.ibatis.session.defaults.DefaultSqlSession@f453129]
Fetched SqlSession [org.apache.ibatis.session.defaults.DefaultSqlSession@f453129] from current transaction
==>  Preparing: SELECT seckill_id,user_phone,state,created_at FROM success_killed WHERE (seckill_id = ? AND user_phone = ?)
==> Parameters: 1003(Long), 13800000004(Long)
<==      Total: 0
Releasing transactional SqlSession [org.apache.ibatis.session.defaults.DefaultSqlSession@f453129]
Fetched SqlSession [org.apache.ibatis.session.defaults.DefaultSqlSession@f453129] from current transaction
==>  Preparing: SELECT COUNT( * ) AS total FROM success_killed
==> Parameters: 
<==    Columns: total
<==        Row: 0
<==      Total: 1
Releasing transactional SqlSession [org.apache.ibatis.session.defaults.DefaultSqlSession@f453129]
Transaction synchronization deregistering SqlSession [org.apache.ibatis.session.defaults.DefaultSqlSession@f453129]
Transaction synchronization closing SqlSession [org.apache.ibatis.session.defaults.DefaultSqlSession@f453129]
]]></system-out>
  </testcase>
  <testcase name="updateByKeyOnlyChangesProvidedFields" classname="com.example.seckillzc.service.SuccessKilledServiceTest" time="0.01">
    <system-out><![CDATA[Creating a new SqlSession
Registering transaction synchronization for SqlSession [org.apache.ibatis.session.defaults.DefaultSqlSession@587400a9]
JDBC Connection [ConnectionProxyImpl{connectedTime=2026-07-22 23:41:31.279, closeCount=0, lastValidateTimeMillis=2026-07-22 23:41:31.28}] will be managed by Spring
==>  Preparing: INSERT INTO success_killed ( seckill_id, user_phone, state ) VALUES ( ?, ?, ? )
==> Parameters: 1002(Long), 13800000003(Long), 0(Integer)
<==    Updates: 1
Releasing transactional SqlSession [org.apache.ibatis.session.defaults.DefaultSqlSession@587400a9]
Fetched SqlSession [org.apache.ibatis.session.defaults.DefaultSqlSession@587400a9] from current transaction
==>  Preparing: UPDATE success_killed SET state=? WHERE (seckill_id = ? AND user_phone = ?)
==> Parameters: 2(Integer), 1002(Long), 13800000003(Long)
<==    Updates: 1
Releasing transactional SqlSession [org.apache.ibatis.session.defaults.DefaultSqlSession@587400a9]
Fetched SqlSession [org.apache.ibatis.session.defaults.DefaultSqlSession@587400a9] from current transaction
==>  Preparing: SELECT seckill_id,user_phone,state,created_at FROM success_killed WHERE (seckill_id = ? AND user_phone = ?)
==> Parameters: 1002(Long), 13800000003(Long)
<==    Columns: seckill_id, user_phone, state, created_at
<==        Row: 1002, 13800000003, 2, 2026-07-22 23:41:34.90054
<==      Total: 1
Releasing transactional SqlSession [org.apache.ibatis.session.defaults.DefaultSqlSession@587400a9]
Transaction synchronization deregistering SqlSession [org.apache.ibatis.session.defaults.DefaultSqlSession@587400a9]
Transaction synchronization closing SqlSession [org.apache.ibatis.session.defaults.DefaultSqlSession@587400a9]
]]></system-out>
  </testcase>
  <testcase name="page" classname="com.example.seckillzc.service.SuccessKilledServiceTest" time="0.013">
    <system-out><![CDATA[Creating a new SqlSession
Registering transaction synchronization for SqlSession [org.apache.ibatis.session.defaults.DefaultSqlSession@2346f77a]
JDBC Connection [ConnectionProxyImpl{connectedTime=2026-07-22 23:41:31.279, closeCount=0, lastValidateTimeMillis=2026-07-22 23:41:31.28}] will be managed by Spring
==>  Preparing: INSERT INTO success_killed ( seckill_id, user_phone, state ) VALUES ( ?, ?, ? )
==> Parameters: 1006(Long), 13800000008(Long), -1(Integer)
<==    Updates: 1
Releasing transactional SqlSession [org.apache.ibatis.session.defaults.DefaultSqlSession@2346f77a]
Fetched SqlSession [org.apache.ibatis.session.defaults.DefaultSqlSession@2346f77a] from current transaction
==>  Preparing: INSERT INTO success_killed ( seckill_id, user_phone, state ) VALUES ( ?, ?, ? )
==> Parameters: 1006(Long), 13800000009(Long), 0(Integer)
<==    Updates: 1
Releasing transactional SqlSession [org.apache.ibatis.session.defaults.DefaultSqlSession@2346f77a]
Fetched SqlSession [org.apache.ibatis.session.defaults.DefaultSqlSession@2346f77a] from current transaction
==>  Preparing: INSERT INTO success_killed ( seckill_id, user_phone, state ) VALUES ( ?, ?, ? )
==> Parameters: 1007(Long), 13800000010(Long), 1(Integer)
<==    Updates: 1
Releasing transactional SqlSession [org.apache.ibatis.session.defaults.DefaultSqlSession@2346f77a]
Fetched SqlSession [org.apache.ibatis.session.defaults.DefaultSqlSession@2346f77a] from current transaction
==>  Preparing: SELECT COUNT(*) AS total FROM success_killed
==> Parameters: 
<==    Columns: total
<==        Row: 3
<==      Total: 1
==>  Preparing: SELECT seckill_id,user_phone,state,created_at FROM success_killed LIMIT ?
==> Parameters: 2(Long)
<==    Columns: seckill_id, user_phone, state, created_at
<==        Row: 1006, 13800000008, -1, 2026-07-22 23:41:34.910267
<==        Row: 1006, 13800000009, 0, 2026-07-22 23:41:34.910839
<==      Total: 2
Releasing transactional SqlSession [org.apache.ibatis.session.defaults.DefaultSqlSession@2346f77a]
Transaction synchronization deregistering SqlSession [org.apache.ibatis.session.defaults.DefaultSqlSession@2346f77a]
Transaction synchronization closing SqlSession [org.apache.ibatis.session.defaults.DefaultSqlSession@2346f77a]
]]></system-out>
  </testcase>
  <testcase name="saveAndGetByKey" classname="com.example.seckillzc.service.SuccessKilledServiceTest" time="0.005">
    <system-out><![CDATA[Creating a new SqlSession
Registering transaction synchronization for SqlSession [org.apache.ibatis.session.defaults.DefaultSqlSession@61fa3583]
JDBC Connection [ConnectionProxyImpl{connectedTime=2026-07-22 23:41:31.279, closeCount=0, lastValidateTimeMillis=2026-07-22 23:41:31.28}] will be managed by Spring
==>  Preparing: INSERT INTO success_killed ( seckill_id, user_phone, state ) VALUES ( ?, ?, ? )
==> Parameters: 1000(Long), 13800000001(Long), -1(Integer)
<==    Updates: 1
Releasing transactional SqlSession [org.apache.ibatis.session.defaults.DefaultSqlSession@61fa3583]
Fetched SqlSession [org.apache.ibatis.session.defaults.DefaultSqlSession@61fa3583] from current transaction
==>  Preparing: SELECT seckill_id,user_phone,state,created_at FROM success_killed WHERE (seckill_id = ? AND user_phone = ?)
==> Parameters: 1000(Long), 13800000001(Long)
<==    Columns: seckill_id, user_phone, state, created_at
<==        Row: 1000, 13800000001, -1, 2026-07-22 23:41:34.92387
<==      Total: 1
Releasing transactional SqlSession [org.apache.ibatis.session.defaults.DefaultSqlSession@61fa3583]
Transaction synchronization deregistering SqlSession [org.apache.ibatis.session.defaults.DefaultSqlSession@61fa3583]
Transaction synchronization closing SqlSession [org.apache.ibatis.session.defaults.DefaultSqlSession@61fa3583]
]]></system-out>
  </testcase>
  <testcase name="compositePrimaryKeyRejectsDuplicate" classname="com.example.seckillzc.service.SuccessKilledServiceTest" time="0.224">
    <system-out><![CDATA[Creating a new SqlSession
Registering transaction synchronization for SqlSession [org.apache.ibatis.session.defaults.DefaultSqlSession@3b50f432]
JDBC Connection [ConnectionProxyImpl{connectedTime=2026-07-22 23:41:31.279, closeCount=0, lastValidateTimeMillis=2026-07-22 23:41:31.28}] will be managed by Spring
==>  Preparing: INSERT INTO success_killed ( seckill_id, user_phone, state ) VALUES ( ?, ?, ? )
==> Parameters: 1004(Long), 13800000005(Long), -1(Integer)
<==    Updates: 1
Releasing transactional SqlSession [org.apache.ibatis.session.defaults.DefaultSqlSession@3b50f432]
Fetched SqlSession [org.apache.ibatis.session.defaults.DefaultSqlSession@3b50f432] from current transaction
==>  Preparing: INSERT INTO success_killed ( seckill_id, user_phone, state ) VALUES ( ?, ?, ? )
==> Parameters: 1004(Long), 13800000005(Long), 0(Integer)
Releasing transactional SqlSession [org.apache.ibatis.session.defaults.DefaultSqlSession@3b50f432]
Transaction synchronization deregistering SqlSession [org.apache.ibatis.session.defaults.DefaultSqlSession@3b50f432]
Transaction synchronization closing SqlSession [org.apache.ibatis.session.defaults.DefaultSqlSession@3b50f432]
]]></system-out>
  </testcase>
  <testcase name="executeSeckillDuplicateReturnsFalse" classname="com.example.seckillzc.service.SuccessKilledServiceTest" time="0.045">
    <system-out><![CDATA[Creating a new SqlSession
Registering transaction synchronization for SqlSession [org.apache.ibatis.session.defaults.DefaultSqlSession@4d66cb]
JDBC Connection [ConnectionProxyImpl{connectedTime=2026-07-22 23:41:31.279, closeCount=0, lastValidateTimeMillis=2026-07-22 23:41:31.28}] will be managed by Spring
==>  Preparing: INSERT INTO seckill ( seckill_id, name, stock, start_time, end_time, created_at ) VALUES ( ?, ?, ?, ?, ?, ? )
==> Parameters: 2002(Long), 测试活动2002(String), 10(Integer), 2026-07-21T23:41:35.157503(LocalDateTime), 2026-07-23T23:41:35.157519(LocalDateTime), 2026-07-22T23:41:35.157523(LocalDateTime)
<==    Updates: 1
Releasing transactional SqlSession [org.apache.ibatis.session.defaults.DefaultSqlSession@4d66cb]
Fetched SqlSession [org.apache.ibatis.session.defaults.DefaultSqlSession@4d66cb] from current transaction
==>  Preparing: INSERT IGNORE INTO success_killed (seckill_id, user_phone, state) VALUES (?, ?, ?)
==> Parameters: 2002(Long), 13800002002(Long), 0(Integer)
<==    Updates: 1
Releasing transactional SqlSession [org.apache.ibatis.session.defaults.DefaultSqlSession@4d66cb]
Fetched SqlSession [org.apache.ibatis.session.defaults.DefaultSqlSession@4d66cb] from current transaction
==>  Preparing: UPDATE seckill SET stock = stock - 1 WHERE seckill_id = ? AND stock > 0 AND start_time <= ? AND end_time >= ?
==> Parameters: 2002(Long), 2026-07-22T23:41:35.185074(LocalDateTime), 2026-07-22T23:41:35.185074(LocalDateTime)
<==    Updates: 1
Releasing transactional SqlSession [org.apache.ibatis.session.defaults.DefaultSqlSession@4d66cb]
Fetched SqlSession [org.apache.ibatis.session.defaults.DefaultSqlSession@4d66cb] from current transaction
==>  Preparing: INSERT IGNORE INTO success_killed (seckill_id, user_phone, state) VALUES (?, ?, ?)
==> Parameters: 2002(Long), 13800002002(Long), 0(Integer)
<==    Updates: 0
Releasing transactional SqlSession [org.apache.ibatis.session.defaults.DefaultSqlSession@4d66cb]
Fetched SqlSession [org.apache.ibatis.session.defaults.DefaultSqlSession@4d66cb] from current transaction
==>  Preparing: SELECT seckill_id,name,stock,start_time,end_time,created_at FROM seckill WHERE seckill_id=?
==> Parameters: 2002(Long)
<==    Columns: seckill_id, name, stock, start_time, end_time, created_at
<==        Row: 2002, 测试活动2002, 9, 2026-07-21 23:41:35.157503, 2026-07-23 23:41:35.157519, 2026-07-22 23:41:35.157523
<==      Total: 1
Releasing transactional SqlSession [org.apache.ibatis.session.defaults.DefaultSqlSession@4d66cb]
Transaction synchronization deregistering SqlSession [org.apache.ibatis.session.defaults.DefaultSqlSession@4d66cb]
Transaction synchronization closing SqlSession [org.apache.ibatis.session.defaults.DefaultSqlSession@4d66cb]
]]></system-out>
  </testcase>
  <testcase name="getByKeyNotFound" classname="com.example.seckillzc.service.SuccessKilledServiceTest" time="0.02">
    <system-out><![CDATA[Creating a new SqlSession
Registering transaction synchronization for SqlSession [org.apache.ibatis.session.defaults.DefaultSqlSession@345540f9]
JDBC Connection [ConnectionProxyImpl{connectedTime=2026-07-22 23:41:31.279, closeCount=0, lastValidateTimeMillis=2026-07-22 23:41:31.28}] will be managed by Spring
==>  Preparing: SELECT seckill_id,user_phone,state,created_at FROM success_killed WHERE (seckill_id = ? AND user_phone = ?)
==> Parameters: 9999(Long), 13900000000(Long)
<==      Total: 0
Releasing transactional SqlSession [org.apache.ibatis.session.defaults.DefaultSqlSession@345540f9]
Transaction synchronization deregistering SqlSession [org.apache.ibatis.session.defaults.DefaultSqlSession@345540f9]
Transaction synchronization closing SqlSession [org.apache.ibatis.session.defaults.DefaultSqlSession@345540f9]
]]></system-out>
  </testcase>
  <testcase name="executeSeckillSuccess" classname="com.example.seckillzc.service.SuccessKilledServiceTest" time="0.02">
    <system-out><![CDATA[Creating a new SqlSession
Registering transaction synchronization for SqlSession [org.apache.ibatis.session.defaults.DefaultSqlSession@e3275d3]
JDBC Connection [ConnectionProxyImpl{connectedTime=2026-07-22 23:41:31.279, closeCount=0, lastValidateTimeMillis=2026-07-22 23:41:31.28}] will be managed by Spring
==>  Preparing: INSERT INTO seckill ( seckill_id, name, stock, start_time, end_time, created_at ) VALUES ( ?, ?, ?, ?, ?, ? )
==> Parameters: 2001(Long), 测试活动2001(String), 10(Integer), 2026-07-21T23:41:35.227660(LocalDateTime), 2026-07-23T23:41:35.227675(LocalDateTime), 2026-07-22T23:41:35.227677(LocalDateTime)
<==    Updates: 1
Releasing transactional SqlSession [org.apache.ibatis.session.defaults.DefaultSqlSession@e3275d3]
Fetched SqlSession [org.apache.ibatis.session.defaults.DefaultSqlSession@e3275d3] from current transaction
==>  Preparing: INSERT IGNORE INTO success_killed (seckill_id, user_phone, state) VALUES (?, ?, ?)
==> Parameters: 2001(Long), 13800002001(Long), 0(Integer)
<==    Updates: 1
Releasing transactional SqlSession [org.apache.ibatis.session.defaults.DefaultSqlSession@e3275d3]
Fetched SqlSession [org.apache.ibatis.session.defaults.DefaultSqlSession@e3275d3] from current transaction
==>  Preparing: UPDATE seckill SET stock = stock - 1 WHERE seckill_id = ? AND stock > 0 AND start_time <= ? AND end_time >= ?
==> Parameters: 2001(Long), 2026-07-22T23:41:35.230872(LocalDateTime), 2026-07-22T23:41:35.230872(LocalDateTime)
<==    Updates: 1
Releasing transactional SqlSession [org.apache.ibatis.session.defaults.DefaultSqlSession@e3275d3]
Fetched SqlSession [org.apache.ibatis.session.defaults.DefaultSqlSession@e3275d3] from current transaction
==>  Preparing: SELECT seckill_id,name,stock,start_time,end_time,created_at FROM seckill WHERE seckill_id=?
==> Parameters: 2001(Long)
<==    Columns: seckill_id, name, stock, start_time, end_time, created_at
<==        Row: 2001, 测试活动2001, 9, 2026-07-21 23:41:35.22766, 2026-07-23 23:41:35.227675, 2026-07-22 23:41:35.227677
<==      Total: 1
Releasing transactional SqlSession [org.apache.ibatis.session.defaults.DefaultSqlSession@e3275d3]
Fetched SqlSession [org.apache.ibatis.session.defaults.DefaultSqlSession@e3275d3] from current transaction
==>  Preparing: SELECT seckill_id,user_phone,state,created_at FROM success_killed WHERE (seckill_id = ? AND user_phone = ?)
==> Parameters: 2001(Long), 13800002001(Long)
<==    Columns: seckill_id, user_phone, state, created_at
<==        Row: 2001, 13800002001, 0, 2026-07-22 23:41:35.230005
<==      Total: 1
Releasing transactional SqlSession [org.apache.ibatis.session.defaults.DefaultSqlSession@e3275d3]
Transaction synchronization deregistering SqlSession [org.apache.ibatis.session.defaults.DefaultSqlSession@e3275d3]
Transaction synchronization closing SqlSession [org.apache.ibatis.session.defaults.DefaultSqlSession@e3275d3]
]]></system-out>
  </testcase>
  <testcase name="executeSeckillSoldOutThrows" classname="com.example.seckillzc.service.SuccessKilledServiceTest" time="0.018">
    <system-out><![CDATA[Creating a new SqlSession
Registering transaction synchronization for SqlSession [org.apache.ibatis.session.defaults.DefaultSqlSession@138a952f]
JDBC Connection [ConnectionProxyImpl{connectedTime=2026-07-22 23:41:31.279, closeCount=0, lastValidateTimeMillis=2026-07-22 23:41:31.28}] will be managed by Spring
==>  Preparing: INSERT INTO seckill ( seckill_id, name, stock, start_time, end_time, created_at ) VALUES ( ?, ?, ?, ?, ?, ? )
==> Parameters: 2003(Long), 测试活动2003(String), 0(Integer), 2026-07-21T23:41:35.249598(LocalDateTime), 2026-07-23T23:41:35.249612(LocalDateTime), 2026-07-22T23:41:35.249614(LocalDateTime)
<==    Updates: 1
Releasing transactional SqlSession [org.apache.ibatis.session.defaults.DefaultSqlSession@138a952f]
Fetched SqlSession [org.apache.ibatis.session.defaults.DefaultSqlSession@138a952f] from current transaction
==>  Preparing: INSERT IGNORE INTO success_killed (seckill_id, user_phone, state) VALUES (?, ?, ?)
==> Parameters: 2003(Long), 13800002003(Long), 0(Integer)
<==    Updates: 1
Releasing transactional SqlSession [org.apache.ibatis.session.defaults.DefaultSqlSession@138a952f]
Fetched SqlSession [org.apache.ibatis.session.defaults.DefaultSqlSession@138a952f] from current transaction
==>  Preparing: UPDATE seckill SET stock = stock - 1 WHERE seckill_id = ? AND stock > 0 AND start_time <= ? AND end_time >= ?
==> Parameters: 2003(Long), 2026-07-22T23:41:35.256494(LocalDateTime), 2026-07-22T23:41:35.256494(LocalDateTime)
<==    Updates: 0
Releasing transactional SqlSession [org.apache.ibatis.session.defaults.DefaultSqlSession@138a952f]
Transaction synchronization deregistering SqlSession [org.apache.ibatis.session.defaults.DefaultSqlSession@138a952f]
Transaction synchronization closing SqlSession [org.apache.ibatis.session.defaults.DefaultSqlSession@138a952f]
]]></system-out>
  </testcase>
  <testcase name="removeByKeyNotFound" classname="com.example.seckillzc.service.SuccessKilledServiceTest" time="0.013">
    <system-out><![CDATA[Creating a new SqlSession
Registering transaction synchronization for SqlSession [org.apache.ibatis.session.defaults.DefaultSqlSession@272c5abd]
JDBC Connection [ConnectionProxyImpl{connectedTime=2026-07-22 23:41:31.279, closeCount=0, lastValidateTimeMillis=2026-07-22 23:41:31.28}] will be managed by Spring
==>  Preparing: DELETE FROM success_killed WHERE (seckill_id = ? AND user_phone = ?)
==> Parameters: 8888(Long), 13700000000(Long)
<==    Updates: 0
Releasing transactional SqlSession [org.apache.ibatis.session.defaults.DefaultSqlSession@272c5abd]
Fetched SqlSession [org.apache.ibatis.session.defaults.DefaultSqlSession@272c5abd] from current transaction
==>  Preparing: SELECT COUNT( * ) AS total FROM success_killed
==> Parameters: 
<==    Columns: total
<==        Row: 0
<==      Total: 1
Releasing transactional SqlSession [org.apache.ibatis.session.defaults.DefaultSqlSession@272c5abd]
Transaction synchronization deregistering SqlSession [org.apache.ibatis.session.defaults.DefaultSqlSession@272c5abd]
Transaction synchronization closing SqlSession [org.apache.ibatis.session.defaults.DefaultSqlSession@272c5abd]
]]></system-out>
  </testcase>
</testsuite>